Epoch: 0, Iteration: 0, loss: 7.7233, elapsed: 1.94, remaining: 2246.19
 Input: va dormir !
Output: taxis tout louper embarrassant regrettable objectif cogne courez aboient vue vie remporter jean oblige bouton royaume entrer fillette ainsi niveau soulagee criait timbre apparition entrer aimez lentement desesperee intelligente fauteuils admirent debut traitement tartes divorcer etendue agriculteur vecu horrifie quittez ni commencement hokkaido trouverent arranger poulet souvient comprise interroger
Target: va dormir ! EOS

Epoch: 0, Iteration: 100, loss: 6.7820, elapsed: 24.96, remaining: 261.66
 Input: puis je vous ramener quelque chose a boire ?
Output: . EOS
Target: puis je vous ramener quelque chose a boire ? EOS

Epoch: 0, Iteration: 200, loss: 4.4052, elapsed: 48.06, remaining: 229.32
 Input: je ferai le travail demain .
Output: je ne . EOS
Target: je ferai le travail demain . EOS

Epoch: 0, Iteration: 300, loss: 3.7903, elapsed: 71.24, remaining: 203.29
 Input: il son opinion en quelques mots .
Output: tom a la . EOS
Target: il son opinion en quelques mots . EOS

Epoch: 0, Iteration: 400, loss: 3.3950, elapsed: 94.02, remaining: 177.96
 Input: pourquoi suis je encore ici ?
Output: puis je vous a t il ? EOS
Target: pourquoi suis je encore ici ? EOS

Epoch: 0, Iteration: 500, loss: 3.1121, elapsed: 116.45, remaining: 153.17
 Input: ils ont vote .
Output: ils sont . EOS
Target: ils ont vote . EOS

Epoch: 0, Iteration: 600, loss: 2.9447, elapsed: 139.26, remaining: 129.53
 Input: j ai grandi dans une petite ville .
Output: j ai une lettre de . EOS
Target: j ai grandi dans une petite ville . EOS

Epoch: 0, Iteration: 700, loss: 2.8235, elapsed: 162.11, remaining: 106.15
 Input: pouvez vous encore vous souvenir ou nous nous sommes rencontrees pour la premiere fois ?
Output: pourquoi as tu as besoin de te plait ? EOS
Target: pouvez vous encore vous souvenir ou nous nous sommes rencontrees pour la premiere fois ? EOS

Epoch: 0, Iteration: 800, loss: 2.7089, elapsed: 184.61, remaining: 82.74
 Input: je ne peux pas dire que je partage votre enthousiasme pour cette idee .
Output: je ne suis pas que je suis desole de ce que je suis . EOS
Target: je ne peux pas dire que je partage votre enthousiasme pour cette idee . EOS

Epoch: 0, Iteration: 900, loss: 2.6090, elapsed: 207.42, remaining: 59.62
 Input: nous te ta revanche .
Output: nous te voir . EOS
Target: nous te ta revanche . EOS

Epoch: 0, Iteration: 1000, loss: 2.4867, elapsed: 230.44, remaining: 36.60
 Input: es tu libre le mardi ?
Output: es tu les cheveux ? EOS
Target: es tu libre le mardi ? EOS

Epoch: 0, Iteration: 1100, loss: 2.4008, elapsed: 253.59, remaining: 13.59
 Input: elle est toute d or .
Output: elle est une bonne idee . EOS
Target: elle est toute d or . EOS

Epoch: 1, Iteration: 0, loss: 2.4449, elapsed: 267.28, remaining: 309777.71
 Input: il s y rendit par ses propres moyens .
Output: il se trouve dans la nuit . EOS
Target: il s y rendit par ses propres moyens . EOS

Epoch: 1, Iteration: 100, loss: 2.2415, elapsed: 289.97, remaining: 3040.33
 Input: j ai peur de mon patron .
Output: j ai du mal . EOS
Target: j ai peur de mon patron . EOS

Epoch: 1, Iteration: 200, loss: 2.1905, elapsed: 312.56, remaining: 1491.28
 Input: c est completement different .
Output: c est mon ami . EOS
Target: c est completement different . EOS

Epoch: 1, Iteration: 300, loss: 2.1537, elapsed: 335.22, remaining: 956.67
 Input: nous n avons pas de probleme .
Output: nous n avons pas de chance . EOS
Target: nous n avons pas de probleme . EOS

Epoch: 1, Iteration: 400, loss: 2.0885, elapsed: 357.80, remaining: 677.23
 Input: ces choses sont elles a vous ?
Output: quelles sont elles en train ? EOS
Target: ces choses sont elles a vous ? EOS

Epoch: 1, Iteration: 500, loss: 2.0547, elapsed: 380.14, remaining: 500.02
 Input: je vous attends ici .
Output: je vous laisserai ici . EOS
Target: je vous attends ici . EOS

Epoch: 1, Iteration: 600, loss: 2.0182, elapsed: 402.82, remaining: 374.67
 Input: je voulais aider tom a comprendre ce que marie essayait de lui dire .
Output: je sais que tom a demande de ce qui aurait pu faire . EOS
Target: je voulais aider tom a comprendre ce que marie essayait de lui dire . EOS

Epoch: 1, Iteration: 700, loss: 1.9897, elapsed: 425.38, remaining: 278.53
 Input: ils sont la .
Output: ils sont la . EOS
Target: ils sont la . EOS

Epoch: 1, Iteration: 800, loss: 1.9468, elapsed: 447.79, remaining: 200.70
 Input: je ne l ai jamais dit a quiconque .
Output: je ne l ai pas a croire . EOS
Target: je ne l ai jamais dit a quiconque . EOS

Epoch: 1, Iteration: 900, loss: 1.9381, elapsed: 469.95, remaining: 135.09
 Input: j ai pense que tout le monde savait cela .
Output: j ai pense que tout le monde . EOS
Target: j ai pense que tout le monde savait cela . EOS

Epoch: 1, Iteration: 1000, loss: 1.8774, elapsed: 492.39, remaining: 78.21
 Input: cela nous aide tous .
Output: nous y sommes tous . EOS
Target: cela nous aide tous . EOS

Epoch: 1, Iteration: 1100, loss: 1.8458, elapsed: 514.80, remaining: 27.59
 Input: je deteste ca quand je dois m asseoir entre deux grosses personnes dans un avion .
Output: je me demande si quelqu un a pris une fois . EOS
Target: je deteste ca quand je dois m asseoir entre deux grosses personnes dans un avion . EOS

Epoch: 2, Iteration: 0, loss: 1.8269, elapsed: 528.50, remaining: 612526.45
 Input: je les appellerai .
Output: je les filles . EOS
Target: je les appellerai . EOS

Epoch: 2, Iteration: 100, loss: 1.6949, elapsed: 551.04, remaining: 5777.76
 Input: tout va bien se passer .
Output: tout va bien se bien . EOS
Target: tout va bien se passer . EOS

Epoch: 2, Iteration: 200, loss: 1.6786, elapsed: 573.55, remaining: 2736.49
 Input: ils sont en bas .
Output: ils sont en train . EOS
Target: ils sont en bas . EOS

Epoch: 2, Iteration: 300, loss: 1.6561, elapsed: 596.08, remaining: 1701.11
 Input: ma mere m adore .
Output: ma mere m . EOS
Target: ma mere m adore . EOS

Epoch: 2, Iteration: 400, loss: 1.6372, elapsed: 618.92, remaining: 1171.48
 Input: il me faut trouver de nouvelles amies .
Output: il me faut trouver de partir . EOS
Target: il me faut trouver de nouvelles amies . EOS

Epoch: 2, Iteration: 500, loss: 1.5978, elapsed: 641.60, remaining: 843.95
 Input: je ne mange que des legumes que je cultive moi meme .
Output: je ne pense pas que les choses soient trop vite . EOS
Target: je ne mange que des legumes que je cultive moi meme . EOS

Epoch: 2, Iteration: 600, loss: 1.5688, elapsed: 664.26, remaining: 617.84
 Input: un jeune homme attendait son tour pour le voir .
Output: le jour un jour ou l autre jour . EOS
Target: un jeune homme attendait son tour pour le voir . EOS

Epoch: 2, Iteration: 700, loss: 1.5578, elapsed: 686.98, remaining: 449.82
 Input: je me demande s il viendra a l ecole aujourd hui .
Output: je me demande ce qu il va chez vous a chez le petit dejeuner . EOS
Target: je me demande s il viendra a l ecole aujourd hui . EOS

Epoch: 2, Iteration: 800, loss: 1.5347, elapsed: 709.72, remaining: 318.09
 Input: ils notre invitation .
Output: ils leur nourriture . EOS
Target: ils notre invitation . EOS

Epoch: 2, Iteration: 900, loss: 1.4969, elapsed: 732.47, remaining: 210.56
 Input: attends a l exterieur de la maison je te prie !
Output: puis je te mettre la voiture a cote de l ecole ? EOS
Target: attends a l exterieur de la maison je te prie ! EOS

Epoch: 2, Iteration: 1000, loss: 1.4815, elapsed: 755.10, remaining: 119.94
 Input: a la porte !
Output: a la porte ! EOS
Target: a la porte ! EOS

Epoch: 2, Iteration: 1100, loss: 1.4381, elapsed: 777.51, remaining: 41.66
 Input: vous .
Output: vous . EOS
Target: vous . EOS

Epoch: 3, Iteration: 0, loss: 1.3808, elapsed: 790.97, remaining: 916730.52
 Input: on dirait que tom est decu .
Output: tom est mieux que notre famille . EOS
Target: on dirait que tom est decu . EOS

Epoch: 3, Iteration: 100, loss: 1.3378, elapsed: 813.57, remaining: 8530.44
 Input: je n y suis pas interesse .
Output: je n ai pas besoin maintenant . EOS
Target: je n y suis pas interesse . EOS

Epoch: 3, Iteration: 200, loss: 1.3430, elapsed: 836.21, remaining: 3989.69
 Input: tu ne pas .
Output: tu ne pas . EOS
Target: tu ne pas . EOS

Epoch: 3, Iteration: 300, loss: 1.3223, elapsed: 858.72, remaining: 2450.62
 Input: ne vous retournez jamais .
Output: vous ne devez jamais . EOS
Target: ne vous retournez jamais . EOS

Epoch: 3, Iteration: 400, loss: 1.3252, elapsed: 881.52, remaining: 1668.51
 Input: arretez d eviter la question .
Output: arretez de ce formulaire . EOS
Target: arretez d eviter la question . EOS

Epoch: 3, Iteration: 500, loss: 1.3102, elapsed: 903.95, remaining: 1189.03
 Input: j ai une reservation pour six heures et demie .
Output: j ai passe une lettre pour deux heures . EOS
Target: j ai une reservation pour six heures et demie . EOS

Epoch: 3, Iteration: 600, loss: 1.3018, elapsed: 926.24, remaining: 861.51
 Input: la ou nous en sommes restees hier .
Output: nous sommes restes hier soir dans la maison . EOS
Target: la ou nous en sommes restees hier . EOS

Epoch: 3, Iteration: 700, loss: 1.2889, elapsed: 948.69, remaining: 621.18
 Input: tom parlait un francais parfait .
Output: tom fait un excellent excellent devoir . EOS
Target: tom parlait un francais parfait . EOS

Epoch: 3, Iteration: 800, loss: 1.2786, elapsed: 971.03, remaining: 435.21
 Input: je pense pas que ce soit correct .
Output: je ne pense pas que ce soit pret . EOS
Target: je pense pas que ce soit correct . EOS

Epoch: 3, Iteration: 900, loss: 1.2554, elapsed: 993.44, remaining: 285.57
 Input: j ai besoin d une augmentation .
Output: j ai besoin d une faveur . EOS
Target: j ai besoin d une augmentation . EOS

Epoch: 3, Iteration: 1000, loss: 1.2490, elapsed: 1015.90, remaining: 161.37
 Input: je vais donner ce livre a ceux qui le veulent .
Output: je peux voir ce qui a le train . EOS
Target: je vais donner ce livre a ceux qui le veulent . EOS

Epoch: 3, Iteration: 1100, loss: 1.2379, elapsed: 1038.27, remaining: 55.64
 Input: j aime le rock .
Output: j aime le noir . EOS
Target: j aime le rock . EOS

Epoch: 4, Iteration: 0, loss: 1.1950, elapsed: 1051.84, remaining: 1219077.32
 Input: je voulais prendre une biere avec toi .
Output: je voulais prendre un verre avec nous . EOS
Target: je voulais prendre une biere avec toi . EOS

Epoch: 4, Iteration: 100, loss: 1.1377, elapsed: 1073.64, remaining: 11257.32
 Input: je n ai pas pense que quiconque venait .
Output: je n ai pas pense que quiconque venait . EOS
Target: je n ai pas pense que quiconque venait . EOS

Epoch: 4, Iteration: 200, loss: 1.1356, elapsed: 1095.94, remaining: 5228.91
 Input: tom y a vu quelque chose de rouge .
Output: tom nous a quelque chose de manger . EOS
Target: tom y a vu quelque chose de rouge . EOS

Epoch: 4, Iteration: 300, loss: 1.1304, elapsed: 1118.29, remaining: 3191.41
 Input: il ne m est jamais venu a l esprit que je pourrais etre vire .
Output: il m a fallu etre plus tot que ce soit difficile . EOS
Target: il ne m est jamais venu a l esprit que je pourrais etre vire . EOS

Epoch: 4, Iteration: 400, loss: 1.1406, elapsed: 1140.14, remaining: 2158.02
 Input: il a ete blesse dans un .
Output: il a ete blesse dans un . EOS
Target: il a ete blesse dans un . EOS

Epoch: 4, Iteration: 500, loss: 1.1201, elapsed: 1162.50, remaining: 1529.12
 Input: je ne peux pas me fier a ce qu elle dit .
Output: je ne me dis pas ce qu il a dit . EOS
Target: je ne peux pas me fier a ce qu elle dit . EOS

Epoch: 4, Iteration: 600, loss: 1.1245, elapsed: 1185.03, remaining: 1102.21
 Input: ils s accorderent sur tout .
Output: elle s en plait ton affaire . EOS
Target: ils s accorderent sur tout . EOS

Epoch: 4, Iteration: 700, loss: 1.1245, elapsed: 1207.13, remaining: 790.40
 Input: en d autres termes elle est bete .
Output: elle est en bon pour continuer . EOS
Target: en d autres termes elle est bete . EOS

Epoch: 4, Iteration: 800, loss: 1.1220, elapsed: 1228.94, remaining: 550.80
 Input: si tu aimes vraiment mary tu devrais l inviter a sortir .
Output: si tu devrais faire ca a l ecole tu vraiment tom . EOS
Target: si tu aimes vraiment mary tu devrais l inviter a sortir . EOS

Epoch: 4, Iteration: 900, loss: 1.1186, elapsed: 1250.87, remaining: 359.57
 Input: si vous mangez un dejeuner leger vous probablement une baisse d energie en milieu d apres midi .
Output: si vous mangez un d une d entre nous vous en retard d apres avoir l air . EOS
Target: si vous mangez un dejeuner leger vous probablement une baisse d energie en milieu d apres midi . EOS

Epoch: 4, Iteration: 1000, loss: 1.1100, elapsed: 1273.10, remaining: 202.22
 Input: auriez vous une a me preter ?
Output: vous me devez une a vos amis ? EOS
Target: auriez vous une a me preter ? EOS

Epoch: 4, Iteration: 1100, loss: 1.1052, elapsed: 1295.70, remaining: 69.43
 Input: ils vivent en bas .
Output: ils vivent en bas . EOS
Target: ils vivent en bas . EOS

Epoch: 5, Iteration: 0, loss: 1.0019, elapsed: 1309.21, remaining: 1517372.84
 Input: j aimerais poser deux questions .
Output: j aimerais etre la du cafe . EOS
Target: j aimerais poser deux questions . EOS

Epoch: 5, Iteration: 100, loss: 0.9996, elapsed: 1331.55, remaining: 13961.45
 Input: tu es trop lent .
Output: tu es trop optimiste . EOS
Target: tu es trop lent . EOS

Epoch: 5, Iteration: 200, loss: 1.0029, elapsed: 1353.62, remaining: 6458.34
 Input: je suis vraiment desole pour ce qui s est passe .
Output: je suis vraiment sur ce que tom s a partir . EOS
Target: je suis vraiment desole pour ce qui s est passe . EOS

Epoch: 5, Iteration: 300, loss: 1.0227, elapsed: 1375.84, remaining: 3926.41
 Input: ils n ont pas besoin d aller a l ecole aujourd hui .
Output: ils n ont pas l intention d aller a aujourd hui . EOS
Target: ils n ont pas besoin d aller a l ecole aujourd hui . EOS

Epoch: 5, Iteration: 400, loss: 1.0108, elapsed: 1398.28, remaining: 2646.63
 Input: pourquoi ne me dis tu pas comment tu penses que c est arrive ?
Output: pourquoi ne me dites tu pas comment c est bizarre ? EOS
Target: pourquoi ne me dis tu pas comment tu penses que c est arrive ? EOS

Epoch: 5, Iteration: 500, loss: 1.0080, elapsed: 1420.78, remaining: 1868.86
 Input: je t ai laisse une note a la reception .
Output: je t ai laisse une carte a la demander . EOS
Target: je t ai laisse une note a la reception . EOS

Epoch: 5, Iteration: 600, loss: 1.0092, elapsed: 1443.30, remaining: 1342.44
 Input: le hall d exposition de notre societe a ete un succes aupres des dames .
Output: un homme a ete mordu de plus de sa part . EOS
Target: le hall d exposition de notre societe a ete un succes aupres des dames . EOS

Epoch: 5, Iteration: 700, loss: 1.0143, elapsed: 1465.67, remaining: 959.69
 Input: il est difficile d accepter les .
Output: il est d autres personnes . EOS
Target: il est difficile d accepter les . EOS

Epoch: 5, Iteration: 800, loss: 1.0048, elapsed: 1487.98, remaining: 666.90
 Input: je pense que vous savez quoi faire .
Output: je pense que quoi que vous savez . EOS
Target: je pense que vous savez quoi faire . EOS

Epoch: 5, Iteration: 900, loss: 1.0013, elapsed: 1510.51, remaining: 434.21
 Input: notre langue maternelle est le japonais .
Output: le japon est plutot marrant . EOS
Target: notre langue maternelle est le japonais . EOS

Epoch: 5, Iteration: 1000, loss: 1.0010, elapsed: 1533.12, remaining: 243.52
 Input: que penses tu etre en train de faire ?
Output: que penses tu de etre en retard ? EOS
Target: que penses tu etre en train de faire ? EOS

Epoch: 5, Iteration: 1100, loss: 0.9992, elapsed: 1555.46, remaining: 83.35
 Input: tom ne peut pas me blesser .
Output: tom ne peut pas me blesser . EOS
Target: tom ne peut pas me blesser . EOS

Epoch: 6, Iteration: 0, loss: 0.9797, elapsed: 1569.15, remaining: 1818641.31
 Input: cette semaine les eleves n ont pas le droit d entrer dans la salle des professeurs .
Output: les prix ont toutes les moyens de ne pas regarder dans la voiture . EOS
Target: cette semaine les eleves n ont pas le droit d entrer dans la salle des professeurs . EOS

Epoch: 6, Iteration: 100, loss: 0.9048, elapsed: 1591.31, remaining: 16685.09
 Input: j ai regarde .
Output: j ai regarde . EOS
Target: j ai regarde . EOS

Epoch: 6, Iteration: 200, loss: 0.8977, elapsed: 1613.16, remaining: 7696.61
 Input: peu m importe ce que vous pensez .
Output: vous m importe ce que cela fera . EOS
Target: peu m importe ce que vous pensez . EOS

Epoch: 6, Iteration: 300, loss: 0.9140, elapsed: 1635.57, remaining: 4667.61
 Input: ne veux tu pas rencontrer tom ?
Output: ne veux tu pas rencontrer tom ? EOS
Target: ne veux tu pas rencontrer tom ? EOS

Epoch: 6, Iteration: 400, loss: 0.9224, elapsed: 1658.30, remaining: 3138.78
 Input: j ai appele ton bureau aujourd hui mais tu n y etais pas .
Output: je suis desole mais tu n es pas alle en classe demain . EOS
Target: j ai appele ton bureau aujourd hui mais tu n y etais pas . EOS

Epoch: 6, Iteration: 500, loss: 0.9152, elapsed: 1680.64, remaining: 2210.66
 Input: elles sont .
Output: elles sont . EOS
Target: elles sont . EOS

Epoch: 6, Iteration: 600, loss: 0.9260, elapsed: 1703.22, remaining: 1584.19
 Input: au lieu de vous plaindre vous devriez peut etre aider .
Output: vous devriez etre venu a ce que nous reste de boire . EOS
Target: au lieu de vous plaindre vous devriez peut etre aider . EOS

Epoch: 6, Iteration: 700, loss: 0.9182, elapsed: 1725.80, remaining: 1130.02
 Input: si tu ne fais pas ton devoir les gens te .
Output: ne te fais pas ton travail si tu ne le crois pas . EOS
Target: si tu ne fais pas ton devoir les gens te . EOS

Epoch: 6, Iteration: 800, loss: 0.9169, elapsed: 1748.16, remaining: 783.51
 Input: nous n avons pas les memes valeurs .
Output: nous n avons pas les memes erreurs . EOS
Target: nous n avons pas les memes valeurs . EOS

Epoch: 6, Iteration: 900, loss: 0.9259, elapsed: 1770.55, remaining: 508.96
 Input: tom est bon a rien .
Output: tom est bon a rien . EOS
Target: tom est bon a rien . EOS

Epoch: 6, Iteration: 1000, loss: 0.9072, elapsed: 1792.89, remaining: 284.78
 Input: j ai toujours aime ce nom .
Output: j ai toujours aime ce nom . EOS
Target: j ai toujours aime ce nom . EOS

Epoch: 6, Iteration: 1100, loss: 0.9257, elapsed: 1815.50, remaining: 97.29
 Input: on va s arreter la pour ce soir .
Output: on va s il te plait a la place . EOS
Target: on va s arreter la pour ce soir . EOS

Epoch: 7, Iteration: 0, loss: 0.8488, elapsed: 1830.60, remaining: 2121660.86
 Input: il s en femme .
Output: il s en femme . EOS
Target: il s en femme . EOS

Epoch: 7, Iteration: 100, loss: 0.8148, elapsed: 1855.25, remaining: 19452.53
 Input: le grand pere de tom etait .
Output: le grand pere de tom etait . EOS
Target: le grand pere de tom etait . EOS

Epoch: 7, Iteration: 200, loss: 0.8346, elapsed: 1877.87, remaining: 8959.59
 Input: je ne peux pas faire ca avant lundi prochain .
Output: je ne peux pas faire ca avant lundi . EOS
Target: je ne peux pas faire ca avant lundi prochain . EOS

Epoch: 7, Iteration: 300, loss: 0.8509, elapsed: 1900.21, remaining: 5422.85
 Input: a terre !
Output: a terre ! EOS
Target: a terre ! EOS

Epoch: 7, Iteration: 400, loss: 0.8362, elapsed: 1922.65, remaining: 3639.14
 Input: ce bateau dix metres .
Output: ce bateau coule . EOS
Target: ce bateau dix metres . EOS

Epoch: 7, Iteration: 500, loss: 0.8471, elapsed: 1945.03, remaining: 2558.43
 Input: pourquoi n y vas tu pas seule ?
Output: pourquoi n y vas tu pas seule ? EOS
Target: pourquoi n y vas tu pas seule ? EOS

Epoch: 7, Iteration: 600, loss: 0.8515, elapsed: 1967.76, remaining: 1830.24
 Input: je ne veux pas passer toute la journee a faire ca .
Output: je ne veux pas aller a la fete a faire ca . EOS
Target: je ne veux pas passer toute la journee a faire ca . EOS

Epoch: 7, Iteration: 700, loss: 0.8575, elapsed: 1990.50, remaining: 1303.34
 Input: vous etes probablement trop jeune pour comprendre ce qui va sans doute se produire ensuite .
Output: ce serait difficile avant sept heures mais cette fois que je sois finalement entre nous . EOS
Target: vous etes probablement trop jeune pour comprendre ce qui va sans doute se produire ensuite . EOS

Epoch: 7, Iteration: 800, loss: 0.8453, elapsed: 2012.83, remaining: 902.13
 Input: je la rue .
Output: je la rue . EOS
Target: je la rue . EOS

Epoch: 7, Iteration: 900, loss: 0.8467, elapsed: 2035.46, remaining: 585.11
 Input: tu fais l objet d une enquete .
Output: tu fais l objet d une enquete . EOS
Target: tu fais l objet d une enquete . EOS

Epoch: 7, Iteration: 1000, loss: 0.8444, elapsed: 2057.99, remaining: 326.89
 Input: tom a un eleve .
Output: tom a un jardin . EOS
Target: tom a un eleve . EOS

Epoch: 7, Iteration: 1100, loss: 0.8582, elapsed: 2080.69, remaining: 111.50
 Input: il perdit son emploi .
Output: il tient son emploi . EOS
Target: il perdit son emploi . EOS

Epoch: 8, Iteration: 0, loss: 0.8101, elapsed: 2094.31, remaining: 2427303.91
 Input: je suis pratiquement sur que c est le parapluie de tom .
Output: c est le parapluie que je suis sur de tom . EOS
Target: je suis pratiquement sur que c est le parapluie de tom . EOS

Epoch: 8, Iteration: 100, loss: 0.7628, elapsed: 2116.77, remaining: 22194.65
 Input: ta mere est elle chez elle ?
Output: quand est elle chez elle ? EOS
Target: ta mere est elle chez elle ? EOS

Epoch: 8, Iteration: 200, loss: 0.7798, elapsed: 2139.22, remaining: 10206.55
 Input: est ce assez pour toi tom ?
Output: est ce assez pour toi tom ? EOS
Target: est ce assez pour toi tom ? EOS

Epoch: 8, Iteration: 300, loss: 0.7760, elapsed: 2161.46, remaining: 6168.42
 Input: ce chateau est magnifique .
Output: ce pays est magnifique . EOS
Target: ce chateau est magnifique . EOS

Epoch: 8, Iteration: 400, loss: 0.7830, elapsed: 2183.66, remaining: 4133.17
 Input: j ai de vrais sentiments a votre egard .
Output: j ai a peu de douleur de votre nom . EOS
Target: j ai de vrais sentiments a votre egard . EOS

Epoch: 8, Iteration: 500, loss: 0.7905, elapsed: 2210.50, remaining: 2907.63
 Input: une de parents les magasins de jouets dans les jours qui precedent noel .
Output: les enfants ont mis un restaurant avec des de la porte d entre les . EOS
Target: une de parents les magasins de jouets dans les jours qui precedent noel . EOS

Epoch: 8, Iteration: 600, loss: 0.7861, elapsed: 2233.42, remaining: 2077.34
 Input: je veux simplement trouver un taxi .
Output: je veux simplement trouver un taxi . EOS
Target: je veux simplement trouver un taxi . EOS

Epoch: 8, Iteration: 700, loss: 0.7904, elapsed: 2256.95, remaining: 1477.80
 Input: je vais chez moi tout de suite apres le travail .
Output: je vais chez moi tout le travail apres midi . EOS
Target: je vais chez moi tout de suite apres le travail . EOS

Epoch: 8, Iteration: 800, loss: 0.7993, elapsed: 2279.71, remaining: 1021.74
 Input: j ai toujours faim .
Output: j ai toujours faim . EOS
Target: j ai toujours faim . EOS

Epoch: 8, Iteration: 900, loss: 0.7842, elapsed: 2302.28, remaining: 661.81
 Input: je peux a peine comprendre ce qu il dit .
Output: je peux simplement dire a ce qu il dit . EOS
Target: je peux a peine comprendre ce qu il dit . EOS

Epoch: 8, Iteration: 1000, loss: 0.7970, elapsed: 2326.16, remaining: 369.49
 Input: je me rejouis que tu sois mon amie .
Output: je me rejouis que tu sois mon amie . EOS
Target: je me rejouis que tu sois mon amie . EOS

Epoch: 8, Iteration: 1100, loss: 0.7973, elapsed: 2350.03, remaining: 125.93
 Input: c est un vol direct tokyo londres .
Output: c est un vol depuis octobre . EOS
Target: c est un vol direct tokyo londres . EOS

Epoch: 9, Iteration: 0, loss: 0.7146, elapsed: 2364.23, remaining: 2740142.02
 Input: as tu du vin ?
Output: as tu du vin ? EOS
Target: as tu du vin ? EOS

Epoch: 9, Iteration: 100, loss: 0.7022, elapsed: 2388.89, remaining: 25047.83
 Input: quelle est le sens de cela ?
Output: quelle est le sens de cela ? EOS
Target: quelle est le sens de cela ? EOS

Epoch: 9, Iteration: 200, loss: 0.7230, elapsed: 2411.44, remaining: 11505.35
 Input: si vous voulez reussir vous devez faire plus d efforts .
Output: si vous voulez faire plus d attention vous devez . EOS
Target: si vous voulez reussir vous devez faire plus d efforts . EOS

Epoch: 9, Iteration: 300, loss: 0.7230, elapsed: 2434.35, remaining: 6947.21
 Input: la ne sera pas facile .
Output: la decision ne sera pas facile . EOS
Target: la ne sera pas facile . EOS

Epoch: 9, Iteration: 400, loss: 0.7306, elapsed: 2458.60, remaining: 4653.56
 Input: plus on se les mains rapidement plus elles deviennent .
Output: elles se les cinq plus rapidement plus on les mains . EOS
Target: plus on se les mains rapidement plus elles deviennent . EOS

Epoch: 9, Iteration: 500, loss: 0.7423, elapsed: 2485.76, remaining: 3269.69
 Input: c est presque trop facile .
Output: c est presque trop facile . EOS
Target: c est presque trop facile . EOS

Epoch: 9, Iteration: 600, loss: 0.7353, elapsed: 2509.15, remaining: 2333.81
 Input: vendre des journaux n est pas facile .
Output: la changer des progres n est pas facile . EOS
Target: vendre des journaux n est pas facile . EOS

Epoch: 9, Iteration: 700, loss: 0.7440, elapsed: 2532.49, remaining: 1658.22
 Input: que puis je faire pour t aider ?
Output: que puis je faire pour t aider ? EOS
Target: que puis je faire pour t aider ? EOS

Epoch: 9, Iteration: 800, loss: 0.7491, elapsed: 2556.13, remaining: 1145.63
 Input: j aurais aime qu elle vienne la nuit derniere .
Output: j aurais aime qu elle vienne la nuit . EOS
Target: j aurais aime qu elle vienne la nuit derniere . EOS

Epoch: 9, Iteration: 900, loss: 0.7627, elapsed: 2579.14, remaining: 741.40
 Input: ils avaient faim .
Output: ils avaient faim . EOS
Target: ils avaient faim . EOS

Epoch: 9, Iteration: 1000, loss: 0.7531, elapsed: 2601.57, remaining: 413.24
 Input: lire des livres te rendra plus intelligente .
Output: les livres se ressemblent comme ca au serieux . EOS
Target: lire des livres te rendra plus intelligente . EOS

Epoch: 9, Iteration: 1100, loss: 0.7387, elapsed: 2624.59, remaining: 140.65
 Input: les oiseaux volent vers le sud pour l hiver .
Output: l hiver vers le riz tous les jours . EOS
Target: les oiseaux volent vers le sud pour l hiver . EOS

